2019-10-08 15:31:14,157:INFO: Loading the datasets...
2019-10-08 15:31:16,281:INFO: Loading vectors from wordvec/wikipedia-pubmed-and-PMC-w2v.txt.pt
2019-10-08 15:31:23,456:INFO: Done.
2019-10-08 15:31:23,459:INFO: Start training for 2 epoch(s)...
2019-10-08 15:31:23,459:INFO: 
Epoch 1/2...
2019-10-08 15:39:02,069:INFO: 
 ...Found new lowest loss...
2019-10-08 15:39:02,069:INFO: 
Epoch 2/2...
2019-10-08 15:46:37,905:INFO: 
 ...Found new lowest loss...
2019-10-08 15:46:37,905:INFO: Start testing...
2019-10-08 15:58:09,005:INFO: Loading the datasets...
2019-10-08 15:58:11,107:INFO: Loading vectors from wordvec/wikipedia-pubmed-and-PMC-w2v.txt.pt
2019-10-08 15:58:18,173:INFO: Done.
2019-10-08 15:58:18,176:INFO: Start training for 2 epoch(s)...
2019-10-08 15:58:18,176:INFO: Restoring parameters from src/model/best.pth.tar...
2019-10-08 16:03:36,388:INFO: Loading the datasets...
2019-10-08 16:03:38,482:INFO: Loading vectors from wordvec/wikipedia-pubmed-and-PMC-w2v.txt.pt
2019-10-08 16:03:45,657:INFO: Done.
2019-10-08 16:03:45,659:INFO: Start training for 2 epoch(s)...
2019-10-08 16:03:45,660:INFO: 
Epoch 1/2...
2019-10-08 16:11:14,194:INFO: 
 ...Found new lowest loss...
2019-10-08 16:11:14,195:INFO: 
Epoch 2/2...
2019-10-08 16:18:53,540:INFO: 
 ...Found new lowest loss...
2019-10-08 16:18:53,540:INFO: Start testing...
2019-10-08 16:27:05,380:INFO: Loading the datasets...
