2019-10-08 17:33:09,113:INFO: Loading the datasets...
2019-10-08 17:33:11,170:INFO: Loading vectors from wordvec/wikipedia-pubmed-and-PMC-w2v.txt.pt
2019-10-08 17:33:18,021:INFO: Done.
2019-10-08 17:33:18,024:INFO: Start training for 1 epoch(s)...
2019-10-08 17:33:18,024:INFO: 
Epoch 1/1...
2019-10-08 17:37:39,975:INFO: Loading the datasets...
2019-10-08 17:37:42,028:INFO: Loading vectors from wordvec/wikipedia-pubmed-and-PMC-w2v.txt.pt
2019-10-08 17:37:48,837:INFO: Done.
2019-10-08 17:37:48,840:INFO: Start training for 1 epoch(s)...
2019-10-08 17:37:48,840:INFO: 
Epoch 1/1...
2019-10-08 17:41:46,292:INFO: Loading the datasets...
2019-10-08 17:41:48,370:INFO: Loading vectors from wordvec/wikipedia-pubmed-and-PMC-w2v.txt.pt
2019-10-08 17:41:55,233:INFO: Done.
2019-10-08 17:41:55,236:INFO: Start training for 1 epoch(s)...
2019-10-08 17:41:55,236:INFO: 
Epoch 1/1...
2019-10-08 17:44:26,367:INFO: Loading the datasets...
2019-10-08 17:44:28,429:INFO: Loading vectors from wordvec/wikipedia-pubmed-and-PMC-w2v.txt.pt
2019-10-08 17:44:35,191:INFO: Done.
2019-10-08 17:44:35,194:INFO: Start training for 1 epoch(s)...
2019-10-08 17:44:35,194:INFO: 
Epoch 1/1...
2019-10-08 17:50:51,311:INFO: 
 ...Found new lowest loss...
2019-10-08 17:50:51,311:INFO: Start testing...
2019-10-08 17:57:52,002:INFO: Loading the datasets...
2019-10-08 18:05:15,662:INFO: Loading the datasets...
2019-10-08 18:05:17,726:INFO: Loading vectors from wordvec/wikipedia-pubmed-and-PMC-w2v.txt.pt
2019-10-08 18:05:24,518:INFO: Done.
2019-10-08 18:05:24,521:INFO: 
Start training for 1 epoch(s)...
2019-10-08 18:05:24,521:INFO: 
Epoch 1/1...
2019-10-08 18:11:33,089:INFO: 
 ...Found new lowest loss...
2019-10-08 18:11:33,090:INFO: 
Start testing...
